<?xml version="1.0" encoding="UTF-8"?>
<testsuite name="com.acver.springBoot_study.domain.posts.PostsRepositoryTest" tests="2" skipped="0" failures="0" errors="0" timestamp="2022-02-04T07:07:31" hostname="Acvers-MacBookPro.local" time="0.029">
  <properties/>
  <testcase name="게시글저장_불러오기" classname="com.acver.springBoot_study.domain.posts.PostsRepositoryTest" time="0.016"/>
  <testcase name="BaseTimeEntity_등록" classname="com.acver.springBoot_study.domain.posts.PostsRepositoryTest" time="0.013"/>
  <system-out><![CDATA[2022-02-04 16:07:29.897  INFO 5332 --- [    Test worker] .b.t.c.SpringBootTestContextBootstrapper : Neither @ContextConfiguration nor @ContextHierarchy found for test class [com.acver.springBoot_study.domain.posts.PostsRepositoryTest], using SpringBootContextLoader
2022-02-04 16:07:29.898  INFO 5332 --- [    Test worker] o.s.t.c.support.AbstractContextLoader    : Could not detect default resource locations for test class [com.acver.springBoot_study.domain.posts.PostsRepositoryTest]: no resource found for suffixes {-context.xml, Context.groovy}.
2022-02-04 16:07:29.898  INFO 5332 --- [    Test worker] t.c.s.AnnotationConfigContextLoaderUtils : Could not detect default configuration classes for test class [com.acver.springBoot_study.domain.posts.PostsRepositoryTest]: PostsRepositoryTest does not declare any static, non-private, non-final, nested classes annotated with @Configuration.
2022-02-04 16:07:29.903  INFO 5332 --- [    Test worker] .b.t.c.SpringBootTestContextBootstrapper : Found @SpringBootConfiguration com.acver.springBoot_study.Application for test class com.acver.springBoot_study.domain.posts.PostsRepositoryTest
2022-02-04 16:07:29.905  INFO 5332 --- [    Test worker] .b.t.c.SpringBootTestContextBootstrapper : Loaded default TestExecutionListener class names from location [META-INF/spring.factories]: [org.springframework.security.test.context.support.WithSecurityContextTestExecutionListener, org.springframework.security.test.context.support.ReactorContextTestExecutionListener, org.springframework.boot.test.autoconfigure.restdocs.RestDocsTestExecutionListener, org.springframework.boot.test.autoconfigure.web.client.MockRestServiceServerResetTestExecutionListener, org.springframework.boot.test.autoconfigure.web.servlet.MockMvcPrintOnlyOnFailureTestExecutionListener, org.springframework.boot.test.autoconfigure.web.servlet.WebDriverTestExecutionListener, org.springframework.boot.test.mock.mockito.MockitoTestExecutionListener, org.springframework.boot.test.mock.mockito.ResetMocksTestExecutionListener, org.springframework.test.context.web.ServletTestExecutionListener, org.springframework.test.context.support.DirtiesContextBeforeModesTestExecutionListener, org.springframework.test.context.support.DependencyInjectionTestExecutionListener, org.springframework.test.context.support.DirtiesContextTestExecutionListener, org.springframework.test.context.transaction.TransactionalTestExecutionListener, org.springframework.test.context.jdbc.SqlScriptsTestExecutionListener]
2022-02-04 16:07:29.906  INFO 5332 --- [    Test worker] .b.t.c.SpringBootTestContextBootstrapper : Using TestExecutionListeners: [org.springframework.test.context.web.ServletTestExecutionListener@7b32b3f0, org.springframework.test.context.support.DirtiesContextBeforeModesTestExecutionListener@316a98b4, org.springframework.boot.test.mock.mockito.MockitoTestExecutionListener@51b4e8f9, org.springframework.boot.test.autoconfigure.SpringBootDependencyInjectionTestExecutionListener@63e39e4a, org.springframework.test.context.support.DirtiesContextTestExecutionListener@d200cf5, org.springframework.test.context.transaction.TransactionalTestExecutionListener@68ea9add, org.springframework.test.context.jdbc.SqlScriptsTestExecutionListener@1e6f4419, org.springframework.security.test.context.support.WithSecurityContextTestExecutionListener@61019850, org.springframework.security.test.context.support.ReactorContextTestExecutionListener@6c4b7721, org.springframework.boot.test.autoconfigure.restdocs.RestDocsTestExecutionListener@504b3407, org.springframework.boot.test.autoconfigure.web.client.MockRestServiceServerResetTestExecutionListener@3460fd9b, org.springframework.boot.test.autoconfigure.web.servlet.MockMvcPrintOnlyOnFailureTestExecutionListener@59ce205f, org.springframework.boot.test.autoconfigure.web.servlet.WebDriverTestExecutionListener@6e0ba638, org.springframework.boot.test.mock.mockito.ResetMocksTestExecutionListener@67e94cf2]

  .   ____          _            __ _ _
 /\\ / ___'_ __ _ _(_)_ __  __ _ \ \ \ \
( ( )\___ | '_ | '_| | '_ \/ _` | \ \ \ \
 \\/  ___)| |_)| | | | | || (_| |  ) ) ) )
  '  |____| .__|_| |_|_| |_\__, | / / / /
 =========|_|==============|___/=/_/_/_/
 :: Spring Boot ::        (v2.1.7.RELEASE)

2022-02-04 16:07:29.923  INFO 5332 --- [    Test worker] c.a.s.domain.posts.PostsRepositoryTest   : Starting PostsRepositoryTest on Acvers-MacBookPro.local with PID 5332 (started by acver in /Users/acver/SpringBootProject/SpringBoot_Study/Jaemin/localStudy)
2022-02-04 16:07:29.924  INFO 5332 --- [    Test worker] c.a.s.domain.posts.PostsRepositoryTest   : No active profile set, falling back to default profiles: default
2022-02-04 16:07:30.097  INFO 5332 --- [    Test worker] .s.d.r.c.RepositoryConfigurationDelegate : Bootstrapping Spring Data repositories in DEFAULT mode.
2022-02-04 16:07:30.113  INFO 5332 --- [    Test worker] .s.d.r.c.RepositoryConfigurationDelegate : Finished Spring Data repository scanning in 15ms. Found 2 repository interfaces.
2022-02-04 16:07:30.231  INFO 5332 --- [    Test worker] trationDelegate$BeanPostProcessorChecker : Bean 'org.springframework.transaction.annotation.ProxyTransactionManagementConfiguration' of type [org.springframework.transaction.annotation.ProxyTransactionManagementConfiguration$$EnhancerBySpringCGLIB$$e8805274] is not eligible for getting processed by all BeanPostProcessors (for example: not eligible for auto-proxying)
2022-02-04 16:07:30.298  INFO 5332 --- [    Test worker] com.zaxxer.hikari.HikariDataSource       : HikariPool-2 - Starting...
2022-02-04 16:07:30.299  INFO 5332 --- [    Test worker] com.zaxxer.hikari.HikariDataSource       : HikariPool-2 - Start completed.
2022-02-04 16:07:30.314  INFO 5332 --- [    Test worker] o.hibernate.jpa.internal.util.LogHelper  : HHH000204: Processing PersistenceUnitInfo [
	name: default
	...]
2022-02-04 16:07:30.320  INFO 5332 --- [    Test worker] org.hibernate.dialect.Dialect            : HHH000400: Using dialect: org.hibernate.dialect.MySQL5InnoDBDialect
Hibernate: drop table if exists posts
Hibernate: drop table if exists user
Hibernate: create table posts (id bigint not null auto_increment, created_date datetime, modified_date datetime, author varchar(255), content TEXT not null, title varchar(500) not null, primary key (id)) engine=InnoDB
Hibernate: create table user (id bigint not null auto_increment, created_date datetime, modified_date datetime, email varchar(255) not null, name varchar(255) not null, picture varchar(255), role varchar(255) not null, primary key (id)) engine=InnoDB
2022-02-04 16:07:30.366  INFO 5332 --- [    Test worker] o.h.t.schema.internal.SchemaCreatorImpl  : HHH000476: Executing import script 'org.hibernate.tool.schema.internal.exec.ScriptSourceInputNonExistentImpl@377ef47b'
2022-02-04 16:07:30.367  INFO 5332 --- [    Test worker] j.LocalContainerEntityManagerFactoryBean : Initialized JPA EntityManagerFactory for persistence unit 'default'
2022-02-04 16:07:30.505  INFO 5332 --- [    Test worker] o.h.h.i.QueryTranslatorFactoryInitiator  : HHH000397: Using ASTQueryTranslatorFactory
2022-02-04 16:07:30.606  INFO 5332 --- [    Test worker] o.s.s.web.DefaultSecurityFilterChain     : Creating filter chain: any request, [org.springframework.security.web.context.request.async.WebAsyncManagerIntegrationFilter@6b61b528, org.springframework.security.web.context.SecurityContextPersistenceFilter@20d81bba, org.springframework.security.web.header.HeaderWriterFilter@63a2e11d, org.springframework.security.web.authentication.logout.LogoutFilter@31f8ddcf, org.springframework.security.oauth2.client.web.OAuth2AuthorizationRequestRedirectFilter@51dc93fb, org.springframework.security.oauth2.client.web.OAuth2LoginAuthenticationFilter@2e848a92, org.springframework.security.web.authentication.ui.DefaultLoginPageGeneratingFilter@511d099d, org.springframework.security.web.authentication.ui.DefaultLogoutPageGeneratingFilter@349de678, org.springframework.security.web.savedrequest.RequestCacheAwareFilter@5cd66c97, org.springframework.security.web.servletapi.SecurityContextHolderAwareRequestFilter@2888d419, org.springframework.security.web.authentication.AnonymousAuthenticationFilter@1ebf85b, org.springframework.security.web.session.SessionManagementFilter@148dbc21, org.springframework.security.web.access.ExceptionTranslationFilter@53f39b7, org.springframework.security.web.access.intercept.FilterSecurityInterceptor@14897541]
2022-02-04 16:07:30.809  INFO 5332 --- [    Test worker] o.s.s.concurrent.ThreadPoolTaskExecutor  : Initializing ExecutorService 'applicationTaskExecutor'
2022-02-04 16:07:30.818  WARN 5332 --- [    Test worker] aWebConfiguration$JpaWebMvcConfiguration : spring.jpa.open-in-view is enabled by default. Therefore, database queries may be performed during view rendering. Explicitly configure spring.jpa.open-in-view to disable this warning
2022-02-04 16:07:30.838  INFO 5332 --- [    Test worker] o.s.b.a.w.s.WelcomePageHandlerMapping    : Adding welcome page template: index
2022-02-04 16:07:31.103  INFO 5332 --- [    Test worker] s.a.ScheduledAnnotationBeanPostProcessor : No TaskScheduler/ScheduledExecutorService bean found for scheduled processing
2022-02-04 16:07:31.105  INFO 5332 --- [    Test worker] c.a.s.domain.posts.PostsRepositoryTest   : Started PostsRepositoryTest in 1.197 seconds (JVM running for 9.109)
Hibernate: insert into posts (created_date, modified_date, author, content, title) values (?, ?, ?, ?, ?)
Hibernate: select posts0_.id as id1_0_, posts0_.created_date as created_2_0_, posts0_.modified_date as modified3_0_, posts0_.author as author4_0_, posts0_.content as content5_0_, posts0_.title as title6_0_ from posts posts0_
Hibernate: select posts0_.id as id1_0_, posts0_.created_date as created_2_0_, posts0_.modified_date as modified3_0_, posts0_.author as author4_0_, posts0_.content as content5_0_, posts0_.title as title6_0_ from posts posts0_
Hibernate: delete from posts where id=?
Hibernate: insert into posts (created_date, modified_date, author, content, title) values (?, ?, ?, ?, ?)
Hibernate: select posts0_.id as id1_0_, posts0_.created_date as created_2_0_, posts0_.modified_date as modified3_0_, posts0_.author as author4_0_, posts0_.content as content5_0_, posts0_.title as title6_0_ from posts posts0_
>>>>>>>>> createDate=2022-02-04T16:07:31.127, modifiedDate=2022-02-04T16:07:31.127
Hibernate: select posts0_.id as id1_0_, posts0_.created_date as created_2_0_, posts0_.modified_date as modified3_0_, posts0_.author as author4_0_, posts0_.content as content5_0_, posts0_.title as title6_0_ from posts posts0_
Hibernate: delete from posts where id=?
]]></system-out>
  <system-err><![CDATA[]]></system-err>
</testsuite>
