<?xml version="1.0" encoding="UTF-8"?>
<testsuite name="com.acver.springBoot_study.web.HelloControllerTest" tests="2" skipped="0" failures="0" errors="0" timestamp="2022-01-27T06:36:49" hostname="Acvers-MacBookPro.local" time="0.274">
  <properties/>
  <testcase name="hello가_리턴된다" classname="com.acver.springBoot_study.web.HelloControllerTest" time="0.204"/>
  <testcase name="helloDto가_리턴된다" classname="com.acver.springBoot_study.web.HelloControllerTest" time="0.069"/>
  <system-out><![CDATA[15:36:47.350 [Test worker] DEBUG org.springframework.test.context.junit4.SpringJUnit4ClassRunner - SpringJUnit4ClassRunner constructor called with [class com.acver.springBoot_study.web.HelloControllerTest]
15:36:47.356 [Test worker] DEBUG org.springframework.test.context.BootstrapUtils - Instantiating CacheAwareContextLoaderDelegate from class [org.springframework.test.context.cache.DefaultCacheAwareContextLoaderDelegate]
15:36:47.368 [Test worker] DEBUG org.springframework.test.context.BootstrapUtils - Instantiating BootstrapContext using constructor [public org.springframework.test.context.support.DefaultBootstrapContext(java.lang.Class,org.springframework.test.context.CacheAwareContextLoaderDelegate)]
15:36:47.383 [Test worker] DEBUG org.springframework.test.context.BootstrapUtils - Instantiating TestContextBootstrapper for test class [com.acver.springBoot_study.web.HelloControllerTest] from class [org.springframework.boot.test.autoconfigure.web.servlet.WebMvcTestContextBootstrapper]
15:36:47.397 [Test worker] INFO org.springframework.boot.test.autoconfigure.web.servlet.WebMvcTestContextBootstrapper - Neither @ContextConfiguration nor @ContextHierarchy found for test class [com.acver.springBoot_study.web.HelloControllerTest], using SpringBootContextLoader
15:36:47.399 [Test worker] DEBUG org.springframework.test.context.support.AbstractContextLoader - Did not detect default resource location for test class [com.acver.springBoot_study.web.HelloControllerTest]: class path resource [com/acver/springBoot_study/web/HelloControllerTest-context.xml] does not exist
15:36:47.400 [Test worker] DEBUG org.springframework.test.context.support.AbstractContextLoader - Did not detect default resource location for test class [com.acver.springBoot_study.web.HelloControllerTest]: class path resource [com/acver/springBoot_study/web/HelloControllerTestContext.groovy] does not exist
15:36:47.400 [Test worker] INFO org.springframework.test.context.support.AbstractContextLoader - Could not detect default resource locations for test class [com.acver.springBoot_study.web.HelloControllerTest]: no resource found for suffixes {-context.xml, Context.groovy}.
15:36:47.400 [Test worker] INFO org.springframework.test.context.support.AnnotationConfigContextLoaderUtils - Could not detect default configuration classes for test class [com.acver.springBoot_study.web.HelloControllerTest]: HelloControllerTest does not declare any static, non-private, non-final, nested classes annotated with @Configuration.
15:36:47.452 [Test worker] DEBUG org.springframework.test.context.support.ActiveProfilesUtils - Could not find an 'annotation declaring class' for annotation type [org.springframework.test.context.ActiveProfiles] and class [com.acver.springBoot_study.web.HelloControllerTest]
15:36:47.513 [Test worker] DEBUG org.springframework.context.annotation.ClassPathScanningCandidateComponentProvider - Identified candidate component class: file [/Users/acver/SpringBootProject/SpringBoot_Study/Jaemin/localStudy/build/classes/java/main/com/acver/springBoot_study/Application.class]
15:36:47.514 [Test worker] INFO org.springframework.boot.test.context.SpringBootTestContextBootstrapper - Found @SpringBootConfiguration com.acver.springBoot_study.Application for test class com.acver.springBoot_study.web.HelloControllerTest
15:36:47.515 [Test worker] DEBUG org.springframework.boot.test.autoconfigure.web.servlet.WebMvcTestContextBootstrapper - @TestExecutionListeners is not present for class [com.acver.springBoot_study.web.HelloControllerTest]: using defaults.
15:36:47.516 [Test worker] INFO org.springframework.boot.test.autoconfigure.web.servlet.WebMvcTestContextBootstrapper - Loaded default TestExecutionListener class names from location [META-INF/spring.factories]: [org.springframework.security.test.context.support.WithSecurityContextTestExecutionListener, org.springframework.security.test.context.support.ReactorContextTestExecutionListener, org.springframework.boot.test.autoconfigure.restdocs.RestDocsTestExecutionListener, org.springframework.boot.test.autoconfigure.web.client.MockRestServiceServerResetTestExecutionListener, org.springframework.boot.test.autoconfigure.web.servlet.MockMvcPrintOnlyOnFailureTestExecutionListener, org.springframework.boot.test.autoconfigure.web.servlet.WebDriverTestExecutionListener, org.springframework.boot.test.mock.mockito.MockitoTestExecutionListener, org.springframework.boot.test.mock.mockito.ResetMocksTestExecutionListener, org.springframework.test.context.web.ServletTestExecutionListener, org.springframework.test.context.support.DirtiesContextBeforeModesTestExecutionListener, org.springframework.test.context.support.DependencyInjectionTestExecutionListener, org.springframework.test.context.support.DirtiesContextTestExecutionListener, org.springframework.test.context.transaction.TransactionalTestExecutionListener, org.springframework.test.context.jdbc.SqlScriptsTestExecutionListener]
15:36:47.531 [Test worker] INFO org.springframework.boot.test.autoconfigure.web.servlet.WebMvcTestContextBootstrapper - Using TestExecutionListeners: [org.springframework.test.context.web.ServletTestExecutionListener@720acfae, org.springframework.test.context.support.DirtiesContextBeforeModesTestExecutionListener@3c9ac98a, org.springframework.boot.test.mock.mockito.MockitoTestExecutionListener@499b878b, org.springframework.boot.test.autoconfigure.SpringBootDependencyInjectionTestExecutionListener@778f286f, org.springframework.test.context.support.DirtiesContextTestExecutionListener@53dcee8f, org.springframework.test.context.transaction.TransactionalTestExecutionListener@3960abe7, org.springframework.test.context.jdbc.SqlScriptsTestExecutionListener@2c52d49f, org.springframework.security.test.context.support.WithSecurityContextTestExecutionListener@22905d2a, org.springframework.security.test.context.support.ReactorContextTestExecutionListener@168c7761, org.springframework.boot.test.autoconfigure.restdocs.RestDocsTestExecutionListener@2a8fd9c4, org.springframework.boot.test.autoconfigure.web.client.MockRestServiceServerResetTestExecutionListener@10430626, org.springframework.boot.test.autoconfigure.web.servlet.MockMvcPrintOnlyOnFailureTestExecutionListener@301a7009, org.springframework.boot.test.autoconfigure.web.servlet.WebDriverTestExecutionListener@45583e14, org.springframework.boot.test.mock.mockito.ResetMocksTestExecutionListener@114d8e82]
15:36:47.533 [Test worker] DEBUG org.springframework.test.annotation.ProfileValueUtils - Retrieved @ProfileValueSourceConfiguration [null] for test class [com.acver.springBoot_study.web.HelloControllerTest]
15:36:47.533 [Test worker] DEBUG org.springframework.test.annotation.ProfileValueUtils - Retrieved ProfileValueSource type [class org.springframework.test.annotation.SystemProfileValueSource] for class [com.acver.springBoot_study.web.HelloControllerTest]
15:36:47.534 [Test worker] DEBUG org.springframework.test.annotation.ProfileValueUtils - Retrieved @ProfileValueSourceConfiguration [null] for test class [com.acver.springBoot_study.web.HelloControllerTest]
15:36:47.534 [Test worker] DEBUG org.springframework.test.annotation.ProfileValueUtils - Retrieved ProfileValueSource type [class org.springframework.test.annotation.SystemProfileValueSource] for class [com.acver.springBoot_study.web.HelloControllerTest]
15:36:47.537 [Test worker] DEBUG org.springframework.test.context.support.AbstractDirtiesContextTestExecutionListener - Before test class: context [DefaultTestContext@43577910 testClass = HelloControllerTest, testInstance = [null], testMethod = [null], testException = [null], mergedContextConfiguration = [WebMergedContextConfiguration@acaa85d testClass = HelloControllerTest, locations = '{}', classes = '{class com.acver.springBoot_study.Application}', contextInitializerClasses = '[]', activeProfiles = '{}', propertySourceLocations = '{}', propertySourceProperties = '{org.springframework.boot.test.autoconfigure.web.servlet.WebMvcTestContextBootstrapper=true}', contextCustomizers = set[org.springframework.boot.test.autoconfigure.OverrideAutoConfigurationContextCustomizerFactory$DisableAutoConfigurationContextCustomizer@4ed9c626, org.springframework.boot.test.autoconfigure.filter.TypeExcludeFiltersContextCustomizer@7136d041, org.springframework.boot.test.autoconfigure.properties.PropertyMappingContextCustomizer@952f8367, org.springframework.boot.test.autoconfigure.web.servlet.WebDriverContextCustomizerFactory$Customizer@42bd46b8, [ImportsContextCustomizer@79db945c key = [org.springframework.boot.autoconfigure.cache.CacheAutoConfiguration, org.springframework.boot.autoconfigure.context.MessageSourceAutoConfiguration, org.springframework.boot.autoconfigure.data.web.SpringDataWebAutoConfiguration, org.springframework.boot.autoconfigure.freemarker.FreeMarkerAutoConfiguration, org.springframework.boot.autoconfigure.groovy.template.GroovyTemplateAutoConfiguration, org.springframework.boot.autoconfigure.gson.GsonAutoConfiguration, org.springframework.boot.autoconfigure.hateoas.HypermediaAutoConfiguration, org.springframework.boot.autoconfigure.http.HttpMessageConvertersAutoConfiguration, org.springframework.boot.autoconfigure.jackson.JacksonAutoConfiguration, org.springframework.boot.autoconfigure.jsonb.JsonbAutoConfiguration, org.springframework.boot.autoconfigure.mustache.MustacheAutoConfiguration, org.springframework.boot.autoconfigure.task.TaskExecutionAutoConfiguration, org.springframework.boot.autoconfigure.thymeleaf.ThymeleafAutoConfiguration, org.springframework.boot.autoconfigure.validation.ValidationAutoConfiguration, org.springframework.boot.autoconfigure.web.servlet.error.ErrorMvcAutoConfiguration, org.springframework.boot.autoconfigure.web.servlet.WebMvcAutoConfiguration, org.springframework.boot.test.autoconfigure.web.servlet.MockMvcAutoConfiguration, org.springframework.boot.test.autoconfigure.web.servlet.MockMvcSecurityAutoConfiguration, org.springframework.boot.test.autoconfigure.web.servlet.MockMvcWebClientAutoConfiguration, org.springframework.boot.test.autoconfigure.web.servlet.MockMvcWebDriverAutoConfiguration]], org.springframework.boot.test.context.filter.ExcludeFilterContextCustomizer@35aff38a, org.springframework.boot.test.json.DuplicateJsonObjectContextCustomizerFactory$DuplicateJsonObjectContextCustomizer@7924c4e7, org.springframework.boot.test.mock.mockito.MockitoContextCustomizer@0], resourceBasePath = 'src/main/webapp', contextLoader = 'org.springframework.boot.test.context.SpringBootContextLoader', parent = [null]], attributes = map[[empty]]], class annotated with @DirtiesContext [false] with mode [null].
15:36:47.538 [Test worker] DEBUG org.springframework.test.annotation.ProfileValueUtils - Retrieved @ProfileValueSourceConfiguration [null] for test class [com.acver.springBoot_study.web.HelloControllerTest]
15:36:47.538 [Test worker] DEBUG org.springframework.test.annotation.ProfileValueUtils - Retrieved ProfileValueSource type [class org.springframework.test.annotation.SystemProfileValueSource] for class [com.acver.springBoot_study.web.HelloControllerTest]
15:36:47.542 [Test worker] DEBUG org.springframework.test.context.support.DependencyInjectionTestExecutionListener - Performing dependency injection for test context [[DefaultTestContext@43577910 testClass = HelloControllerTest, testInstance = com.acver.springBoot_study.web.HelloControllerTest@3793b79f, testMethod = [null], testException = [null], mergedContextConfiguration = [WebMergedContextConfiguration@acaa85d testClass = HelloControllerTest, locations = '{}', classes = '{class com.acver.springBoot_study.Application}', contextInitializerClasses = '[]', activeProfiles = '{}', propertySourceLocations = '{}', propertySourceProperties = '{org.springframework.boot.test.autoconfigure.web.servlet.WebMvcTestContextBootstrapper=true}', contextCustomizers = set[org.springframework.boot.test.autoconfigure.OverrideAutoConfigurationContextCustomizerFactory$DisableAutoConfigurationContextCustomizer@4ed9c626, org.springframework.boot.test.autoconfigure.filter.TypeExcludeFiltersContextCustomizer@7136d041, org.springframework.boot.test.autoconfigure.properties.PropertyMappingContextCustomizer@952f8367, org.springframework.boot.test.autoconfigure.web.servlet.WebDriverContextCustomizerFactory$Customizer@42bd46b8, [ImportsContextCustomizer@79db945c key = [org.springframework.boot.autoconfigure.cache.CacheAutoConfiguration, org.springframework.boot.autoconfigure.context.MessageSourceAutoConfiguration, org.springframework.boot.autoconfigure.data.web.SpringDataWebAutoConfiguration, org.springframework.boot.autoconfigure.freemarker.FreeMarkerAutoConfiguration, org.springframework.boot.autoconfigure.groovy.template.GroovyTemplateAutoConfiguration, org.springframework.boot.autoconfigure.gson.GsonAutoConfiguration, org.springframework.boot.autoconfigure.hateoas.HypermediaAutoConfiguration, org.springframework.boot.autoconfigure.http.HttpMessageConvertersAutoConfiguration, org.springframework.boot.autoconfigure.jackson.JacksonAutoConfiguration, org.springframework.boot.autoconfigure.jsonb.JsonbAutoConfiguration, org.springframework.boot.autoconfigure.mustache.MustacheAutoConfiguration, org.springframework.boot.autoconfigure.task.TaskExecutionAutoConfiguration, org.springframework.boot.autoconfigure.thymeleaf.ThymeleafAutoConfiguration, org.springframework.boot.autoconfigure.validation.ValidationAutoConfiguration, org.springframework.boot.autoconfigure.web.servlet.error.ErrorMvcAutoConfiguration, org.springframework.boot.autoconfigure.web.servlet.WebMvcAutoConfiguration, org.springframework.boot.test.autoconfigure.web.servlet.MockMvcAutoConfiguration, org.springframework.boot.test.autoconfigure.web.servlet.MockMvcSecurityAutoConfiguration, org.springframework.boot.test.autoconfigure.web.servlet.MockMvcWebClientAutoConfiguration, org.springframework.boot.test.autoconfigure.web.servlet.MockMvcWebDriverAutoConfiguration]], org.springframework.boot.test.context.filter.ExcludeFilterContextCustomizer@35aff38a, org.springframework.boot.test.json.DuplicateJsonObjectContextCustomizerFactory$DuplicateJsonObjectContextCustomizer@7924c4e7, org.springframework.boot.test.mock.mockito.MockitoContextCustomizer@0], resourceBasePath = 'src/main/webapp', contextLoader = 'org.springframework.boot.test.context.SpringBootContextLoader', parent = [null]], attributes = map[[empty]]]].
15:36:47.631 [Test worker] DEBUG org.springframework.test.context.support.TestPropertySourceUtils - Adding inlined properties to environment: {spring.jmx.enabled=false, org.springframework.boot.test.autoconfigure.web.servlet.WebMvcTestContextBootstrapper=true, server.port=-1}

  .   ____          _            __ _ _
 /\\ / ___'_ __ _ _(_)_ __  __ _ \ \ \ \
( ( )\___ | '_ | '_| | '_ \/ _` | \ \ \ \
 \\/  ___)| |_)| | | | | || (_| |  ) ) ) )
  '  |____| .__|_| |_|_| |_\__, | / / / /
 =========|_|==============|___/=/_/_/_/
 :: Spring Boot ::        (v2.1.7.RELEASE)

2022-01-27 15:36:47.814  INFO 2213 --- [    Test worker] c.a.s.web.HelloControllerTest            : Starting HelloControllerTest on Acvers-MacBookPro.local with PID 2213 (started by acver in /Users/acver/SpringBootProject/SpringBoot_Study/Jaemin/localStudy)
2022-01-27 15:36:47.824  INFO 2213 --- [    Test worker] c.a.s.web.HelloControllerTest            : No active profile set, falling back to default profiles: default
2022-01-27 15:36:48.949  INFO 2213 --- [    Test worker] o.s.s.concurrent.ThreadPoolTaskExecutor  : Initializing ExecutorService 'applicationTaskExecutor'
2022-01-27 15:36:49.020  INFO 2213 --- [    Test worker] o.s.b.a.w.s.WelcomePageHandlerMapping    : Adding welcome page template: index
2022-01-27 15:36:49.247  INFO 2213 --- [    Test worker] .s.s.UserDetailsServiceAutoConfiguration : 

Using generated security password: 59017c12-f958-466e-85c5-022c7c861d50

2022-01-27 15:36:49.428  INFO 2213 --- [    Test worker] o.s.s.web.DefaultSecurityFilterChain     : Creating filter chain: any request, [org.springframework.security.web.context.request.async.WebAsyncManagerIntegrationFilter@3f865245, org.springframework.security.web.context.SecurityContextPersistenceFilter@511c721, org.springframework.security.web.header.HeaderWriterFilter@615ff682, org.springframework.security.web.csrf.CsrfFilter@48a8aed9, org.springframework.security.web.authentication.logout.LogoutFilter@78316268, org.springframework.security.web.authentication.UsernamePasswordAuthenticationFilter@1cb8375a, org.springframework.security.web.authentication.ui.DefaultLoginPageGeneratingFilter@2ecf0111, org.springframework.security.web.authentication.ui.DefaultLogoutPageGeneratingFilter@2da72156, org.springframework.security.web.authentication.www.BasicAuthenticationFilter@763b6bfd, org.springframework.security.web.savedrequest.RequestCacheAwareFilter@1dd90989, org.springframework.security.web.servletapi.SecurityContextHolderAwareRequestFilter@2474c5c0, org.springframework.security.web.authentication.AnonymousAuthenticationFilter@2408f4de, org.springframework.security.web.session.SessionManagementFilter@6c07573, org.springframework.security.web.access.ExceptionTranslationFilter@52da6196, org.springframework.security.web.access.intercept.FilterSecurityInterceptor@cbe6033]
2022-01-27 15:36:49.461  INFO 2213 --- [    Test worker] o.s.b.t.m.w.SpringBootMockServletContext : Initializing Spring TestDispatcherServlet ''
2022-01-27 15:36:49.461  INFO 2213 --- [    Test worker] o.s.t.web.servlet.TestDispatcherServlet  : Initializing Servlet ''
2022-01-27 15:36:49.471  INFO 2213 --- [    Test worker] o.s.t.web.servlet.TestDispatcherServlet  : Completed initialization in 10 ms
2022-01-27 15:36:49.506  INFO 2213 --- [    Test worker] c.a.s.web.HelloControllerTest            : Started HelloControllerTest in 1.867 seconds (JVM running for 2.639)
]]></system-out>
  <system-err><![CDATA[]]></system-err>
</testsuite>
