<?xml version="1.0" encoding="UTF-8"?>
<testsuite name="com.acver.springBoot_study.web.HelloControllerTest" tests="2" skipped="0" failures="0" errors="0" timestamp="2022-02-04T07:07:24" hostname="Acvers-MacBookPro.local" time="0.314">
  <properties/>
  <testcase name="hello가_리턴된다" classname="com.acver.springBoot_study.web.HelloControllerTest" time="0.25"/>
  <testcase name="helloDto가_리턴된다" classname="com.acver.springBoot_study.web.HelloControllerTest" time="0.064"/>
  <system-out><![CDATA[16:07:22.613 [Test worker] DEBUG org.springframework.test.context.junit4.SpringJUnit4ClassRunner - SpringJUnit4ClassRunner constructor called with [class com.acver.springBoot_study.web.HelloControllerTest]
16:07:22.621 [Test worker] DEBUG org.springframework.test.context.BootstrapUtils - Instantiating CacheAwareContextLoaderDelegate from class [org.springframework.test.context.cache.DefaultCacheAwareContextLoaderDelegate]
16:07:22.638 [Test worker] DEBUG org.springframework.test.context.BootstrapUtils - Instantiating BootstrapContext using constructor [public org.springframework.test.context.support.DefaultBootstrapContext(java.lang.Class,org.springframework.test.context.CacheAwareContextLoaderDelegate)]
16:07:22.658 [Test worker] DEBUG org.springframework.test.context.BootstrapUtils - Instantiating TestContextBootstrapper for test class [com.acver.springBoot_study.web.HelloControllerTest] from class [org.springframework.boot.test.autoconfigure.web.servlet.WebMvcTestContextBootstrapper]
16:07:22.678 [Test worker] INFO org.springframework.boot.test.autoconfigure.web.servlet.WebMvcTestContextBootstrapper - Neither @ContextConfiguration nor @ContextHierarchy found for test class [com.acver.springBoot_study.web.HelloControllerTest], using SpringBootContextLoader
16:07:22.681 [Test worker] DEBUG org.springframework.test.context.support.AbstractContextLoader - Did not detect default resource location for test class [com.acver.springBoot_study.web.HelloControllerTest]: class path resource [com/acver/springBoot_study/web/HelloControllerTest-context.xml] does not exist
16:07:22.682 [Test worker] DEBUG org.springframework.test.context.support.AbstractContextLoader - Did not detect default resource location for test class [com.acver.springBoot_study.web.HelloControllerTest]: class path resource [com/acver/springBoot_study/web/HelloControllerTestContext.groovy] does not exist
16:07:22.682 [Test worker] INFO org.springframework.test.context.support.AbstractContextLoader - Could not detect default resource locations for test class [com.acver.springBoot_study.web.HelloControllerTest]: no resource found for suffixes {-context.xml, Context.groovy}.
16:07:22.683 [Test worker] INFO org.springframework.test.context.support.AnnotationConfigContextLoaderUtils - Could not detect default configuration classes for test class [com.acver.springBoot_study.web.HelloControllerTest]: HelloControllerTest does not declare any static, non-private, non-final, nested classes annotated with @Configuration.
16:07:22.744 [Test worker] DEBUG org.springframework.test.context.support.ActiveProfilesUtils - Could not find an 'annotation declaring class' for annotation type [org.springframework.test.context.ActiveProfiles] and class [com.acver.springBoot_study.web.HelloControllerTest]
16:07:22.814 [Test worker] DEBUG org.springframework.context.annotation.ClassPathScanningCandidateComponentProvider - Identified candidate component class: file [/Users/acver/SpringBootProject/SpringBoot_Study/Jaemin/localStudy/build/classes/java/main/com/acver/springBoot_study/Application.class]
16:07:22.815 [Test worker] INFO org.springframework.boot.test.context.SpringBootTestContextBootstrapper - Found @SpringBootConfiguration com.acver.springBoot_study.Application for test class com.acver.springBoot_study.web.HelloControllerTest
16:07:22.817 [Test worker] DEBUG org.springframework.boot.test.autoconfigure.web.servlet.WebMvcTestContextBootstrapper - @TestExecutionListeners is not present for class [com.acver.springBoot_study.web.HelloControllerTest]: using defaults.
16:07:22.818 [Test worker] INFO org.springframework.boot.test.autoconfigure.web.servlet.WebMvcTestContextBootstrapper - Loaded default TestExecutionListener class names from location [META-INF/spring.factories]: [org.springframework.security.test.context.support.WithSecurityContextTestExecutionListener, org.springframework.security.test.context.support.ReactorContextTestExecutionListener, org.springframework.boot.test.autoconfigure.restdocs.RestDocsTestExecutionListener, org.springframework.boot.test.autoconfigure.web.client.MockRestServiceServerResetTestExecutionListener, org.springframework.boot.test.autoconfigure.web.servlet.MockMvcPrintOnlyOnFailureTestExecutionListener, org.springframework.boot.test.autoconfigure.web.servlet.WebDriverTestExecutionListener, org.springframework.boot.test.mock.mockito.MockitoTestExecutionListener, org.springframework.boot.test.mock.mockito.ResetMocksTestExecutionListener, org.springframework.test.context.web.ServletTestExecutionListener, org.springframework.test.context.support.DirtiesContextBeforeModesTestExecutionListener, org.springframework.test.context.support.DependencyInjectionTestExecutionListener, org.springframework.test.context.support.DirtiesContextTestExecutionListener, org.springframework.test.context.transaction.TransactionalTestExecutionListener, org.springframework.test.context.jdbc.SqlScriptsTestExecutionListener]
16:07:22.838 [Test worker] INFO org.springframework.boot.test.autoconfigure.web.servlet.WebMvcTestContextBootstrapper - Using TestExecutionListeners: [org.springframework.test.context.web.ServletTestExecutionListener@b8eeb8b, org.springframework.test.context.support.DirtiesContextBeforeModesTestExecutionListener@3ebaa8fe, org.springframework.boot.test.mock.mockito.MockitoTestExecutionListener@23c2edea, org.springframework.boot.test.autoconfigure.SpringBootDependencyInjectionTestExecutionListener@53b8b238, org.springframework.test.context.support.DirtiesContextTestExecutionListener@2f96d977, org.springframework.test.context.transaction.TransactionalTestExecutionListener@44806923, org.springframework.test.context.jdbc.SqlScriptsTestExecutionListener@701971e4, org.springframework.security.test.context.support.WithSecurityContextTestExecutionListener@66a624ad, org.springframework.security.test.context.support.ReactorContextTestExecutionListener@7fe2046f, org.springframework.boot.test.autoconfigure.restdocs.RestDocsTestExecutionListener@386ca3c1, org.springframework.boot.test.autoconfigure.web.client.MockRestServiceServerResetTestExecutionListener@3417379, org.springframework.boot.test.autoconfigure.web.servlet.MockMvcPrintOnlyOnFailureTestExecutionListener@5415bcf0, org.springframework.boot.test.autoconfigure.web.servlet.WebDriverTestExecutionListener@3b3b1b61, org.springframework.boot.test.mock.mockito.ResetMocksTestExecutionListener@6694c56c]
16:07:22.841 [Test worker] DEBUG org.springframework.test.annotation.ProfileValueUtils - Retrieved @ProfileValueSourceConfiguration [null] for test class [com.acver.springBoot_study.web.HelloControllerTest]
16:07:22.841 [Test worker] DEBUG org.springframework.test.annotation.ProfileValueUtils - Retrieved ProfileValueSource type [class org.springframework.test.annotation.SystemProfileValueSource] for class [com.acver.springBoot_study.web.HelloControllerTest]
16:07:22.842 [Test worker] DEBUG org.springframework.test.annotation.ProfileValueUtils - Retrieved @ProfileValueSourceConfiguration [null] for test class [com.acver.springBoot_study.web.HelloControllerTest]
16:07:22.842 [Test worker] DEBUG org.springframework.test.annotation.ProfileValueUtils - Retrieved ProfileValueSource type [class org.springframework.test.annotation.SystemProfileValueSource] for class [com.acver.springBoot_study.web.HelloControllerTest]
16:07:22.846 [Test worker] DEBUG org.springframework.test.context.support.AbstractDirtiesContextTestExecutionListener - Before test class: context [DefaultTestContext@6d6c9dfb testClass = HelloControllerTest, testInstance = [null], testMethod = [null], testException = [null], mergedContextConfiguration = [WebMergedContextConfiguration@56a69493 testClass = HelloControllerTest, locations = '{}', classes = '{class com.acver.springBoot_study.Application}', contextInitializerClasses = '[]', activeProfiles = '{}', propertySourceLocations = '{}', propertySourceProperties = '{org.springframework.boot.test.autoconfigure.web.servlet.WebMvcTestContextBootstrapper=true}', contextCustomizers = set[org.springframework.boot.test.autoconfigure.OverrideAutoConfigurationContextCustomizerFactory$DisableAutoConfigurationContextCustomizer@519bda56, org.springframework.boot.test.autoconfigure.filter.TypeExcludeFiltersContextCustomizer@9ebb8180, org.springframework.boot.test.autoconfigure.properties.PropertyMappingContextCustomizer@c28e1508, org.springframework.boot.test.autoconfigure.web.servlet.WebDriverContextCustomizerFactory$Customizer@10910a14, [ImportsContextCustomizer@355abf2c key = [org.springframework.boot.autoconfigure.cache.CacheAutoConfiguration, org.springframework.boot.autoconfigure.context.MessageSourceAutoConfiguration, org.springframework.boot.autoconfigure.data.web.SpringDataWebAutoConfiguration, org.springframework.boot.autoconfigure.freemarker.FreeMarkerAutoConfiguration, org.springframework.boot.autoconfigure.groovy.template.GroovyTemplateAutoConfiguration, org.springframework.boot.autoconfigure.gson.GsonAutoConfiguration, org.springframework.boot.autoconfigure.hateoas.HypermediaAutoConfiguration, org.springframework.boot.autoconfigure.http.HttpMessageConvertersAutoConfiguration, org.springframework.boot.autoconfigure.jackson.JacksonAutoConfiguration, org.springframework.boot.autoconfigure.jsonb.JsonbAutoConfiguration, org.springframework.boot.autoconfigure.mustache.MustacheAutoConfiguration, org.springframework.boot.autoconfigure.task.TaskExecutionAutoConfiguration, org.springframework.boot.autoconfigure.thymeleaf.ThymeleafAutoConfiguration, org.springframework.boot.autoconfigure.validation.ValidationAutoConfiguration, org.springframework.boot.autoconfigure.web.servlet.error.ErrorMvcAutoConfiguration, org.springframework.boot.autoconfigure.web.servlet.WebMvcAutoConfiguration, org.springframework.boot.test.autoconfigure.web.servlet.MockMvcAutoConfiguration, org.springframework.boot.test.autoconfigure.web.servlet.MockMvcSecurityAutoConfiguration, org.springframework.boot.test.autoconfigure.web.servlet.MockMvcWebClientAutoConfiguration, org.springframework.boot.test.autoconfigure.web.servlet.MockMvcWebDriverAutoConfiguration]], org.springframework.boot.test.context.filter.ExcludeFilterContextCustomizer@2c1bc92c, org.springframework.boot.test.json.DuplicateJsonObjectContextCustomizerFactory$DuplicateJsonObjectContextCustomizer@2c43a4cc, org.springframework.boot.test.mock.mockito.MockitoContextCustomizer@0], resourceBasePath = 'src/main/webapp', contextLoader = 'org.springframework.boot.test.context.SpringBootContextLoader', parent = [null]], attributes = map[[empty]]], class annotated with @DirtiesContext [false] with mode [null].
16:07:22.846 [Test worker] DEBUG org.springframework.test.annotation.ProfileValueUtils - Retrieved @ProfileValueSourceConfiguration [null] for test class [com.acver.springBoot_study.web.HelloControllerTest]
16:07:22.847 [Test worker] DEBUG org.springframework.test.annotation.ProfileValueUtils - Retrieved ProfileValueSource type [class org.springframework.test.annotation.SystemProfileValueSource] for class [com.acver.springBoot_study.web.HelloControllerTest]
16:07:22.852 [Test worker] DEBUG org.springframework.test.context.support.DependencyInjectionTestExecutionListener - Performing dependency injection for test context [[DefaultTestContext@6d6c9dfb testClass = HelloControllerTest, testInstance = com.acver.springBoot_study.web.HelloControllerTest@2b3ebb1b, testMethod = [null], testException = [null], mergedContextConfiguration = [WebMergedContextConfiguration@56a69493 testClass = HelloControllerTest, locations = '{}', classes = '{class com.acver.springBoot_study.Application}', contextInitializerClasses = '[]', activeProfiles = '{}', propertySourceLocations = '{}', propertySourceProperties = '{org.springframework.boot.test.autoconfigure.web.servlet.WebMvcTestContextBootstrapper=true}', contextCustomizers = set[org.springframework.boot.test.autoconfigure.OverrideAutoConfigurationContextCustomizerFactory$DisableAutoConfigurationContextCustomizer@519bda56, org.springframework.boot.test.autoconfigure.filter.TypeExcludeFiltersContextCustomizer@9ebb8180, org.springframework.boot.test.autoconfigure.properties.PropertyMappingContextCustomizer@c28e1508, org.springframework.boot.test.autoconfigure.web.servlet.WebDriverContextCustomizerFactory$Customizer@10910a14, [ImportsContextCustomizer@355abf2c key = [org.springframework.boot.autoconfigure.cache.CacheAutoConfiguration, org.springframework.boot.autoconfigure.context.MessageSourceAutoConfiguration, org.springframework.boot.autoconfigure.data.web.SpringDataWebAutoConfiguration, org.springframework.boot.autoconfigure.freemarker.FreeMarkerAutoConfiguration, org.springframework.boot.autoconfigure.groovy.template.GroovyTemplateAutoConfiguration, org.springframework.boot.autoconfigure.gson.GsonAutoConfiguration, org.springframework.boot.autoconfigure.hateoas.HypermediaAutoConfiguration, org.springframework.boot.autoconfigure.http.HttpMessageConvertersAutoConfiguration, org.springframework.boot.autoconfigure.jackson.JacksonAutoConfiguration, org.springframework.boot.autoconfigure.jsonb.JsonbAutoConfiguration, org.springframework.boot.autoconfigure.mustache.MustacheAutoConfiguration, org.springframework.boot.autoconfigure.task.TaskExecutionAutoConfiguration, org.springframework.boot.autoconfigure.thymeleaf.ThymeleafAutoConfiguration, org.springframework.boot.autoconfigure.validation.ValidationAutoConfiguration, org.springframework.boot.autoconfigure.web.servlet.error.ErrorMvcAutoConfiguration, org.springframework.boot.autoconfigure.web.servlet.WebMvcAutoConfiguration, org.springframework.boot.test.autoconfigure.web.servlet.MockMvcAutoConfiguration, org.springframework.boot.test.autoconfigure.web.servlet.MockMvcSecurityAutoConfiguration, org.springframework.boot.test.autoconfigure.web.servlet.MockMvcWebClientAutoConfiguration, org.springframework.boot.test.autoconfigure.web.servlet.MockMvcWebDriverAutoConfiguration]], org.springframework.boot.test.context.filter.ExcludeFilterContextCustomizer@2c1bc92c, org.springframework.boot.test.json.DuplicateJsonObjectContextCustomizerFactory$DuplicateJsonObjectContextCustomizer@2c43a4cc, org.springframework.boot.test.mock.mockito.MockitoContextCustomizer@0], resourceBasePath = 'src/main/webapp', contextLoader = 'org.springframework.boot.test.context.SpringBootContextLoader', parent = [null]], attributes = map[[empty]]]].
16:07:22.975 [Test worker] DEBUG org.springframework.test.context.support.TestPropertySourceUtils - Adding inlined properties to environment: {spring.jmx.enabled=false, org.springframework.boot.test.autoconfigure.web.servlet.WebMvcTestContextBootstrapper=true, server.port=-1}

  .   ____          _            __ _ _
 /\\ / ___'_ __ _ _(_)_ __  __ _ \ \ \ \
( ( )\___ | '_ | '_| | '_ \/ _` | \ \ \ \
 \\/  ___)| |_)| | | | | || (_| |  ) ) ) )
  '  |____| .__|_| |_|_| |_\__, | / / / /
 =========|_|==============|___/=/_/_/_/
 :: Spring Boot ::        (v2.1.7.RELEASE)

2022-02-04 16:07:23.171  INFO 5332 --- [    Test worker] c.a.s.web.HelloControllerTest            : Starting HelloControllerTest on Acvers-MacBookPro.local with PID 5332 (started by acver in /Users/acver/SpringBootProject/SpringBoot_Study/Jaemin/localStudy)
2022-02-04 16:07:23.174  INFO 5332 --- [    Test worker] c.a.s.web.HelloControllerTest            : No active profile set, falling back to default profiles: default
2022-02-04 16:07:24.341  INFO 5332 --- [    Test worker] o.s.s.concurrent.ThreadPoolTaskExecutor  : Initializing ExecutorService 'applicationTaskExecutor'
2022-02-04 16:07:24.427  INFO 5332 --- [    Test worker] o.s.b.a.w.s.WelcomePageHandlerMapping    : Adding welcome page template: index
2022-02-04 16:07:24.653  INFO 5332 --- [    Test worker] .s.s.UserDetailsServiceAutoConfiguration : 

Using generated security password: c6690b34-aca6-412f-bd26-f35777411dfe

2022-02-04 16:07:24.879  INFO 5332 --- [    Test worker] o.s.s.web.DefaultSecurityFilterChain     : Creating filter chain: any request, [org.springframework.security.web.context.request.async.WebAsyncManagerIntegrationFilter@b2c53c3, org.springframework.security.web.context.SecurityContextPersistenceFilter@475bcd7a, org.springframework.security.web.header.HeaderWriterFilter@75d3df46, org.springframework.security.web.csrf.CsrfFilter@70c7719b, org.springframework.security.web.authentication.logout.LogoutFilter@1f55b9d7, org.springframework.security.web.authentication.UsernamePasswordAuthenticationFilter@604002f2, org.springframework.security.web.authentication.ui.DefaultLoginPageGeneratingFilter@333f3521, org.springframework.security.web.authentication.ui.DefaultLogoutPageGeneratingFilter@3de0eb20, org.springframework.security.web.authentication.www.BasicAuthenticationFilter@2d48f22e, org.springframework.security.web.savedrequest.RequestCacheAwareFilter@2d847e43, org.springframework.security.web.servletapi.SecurityContextHolderAwareRequestFilter@5f28dcc5, org.springframework.security.web.authentication.AnonymousAuthenticationFilter@4dc9b8a6, org.springframework.security.web.session.SessionManagementFilter@43a0c812, org.springframework.security.web.access.ExceptionTranslationFilter@a102e4d, org.springframework.security.web.access.intercept.FilterSecurityInterceptor@4da5126b]
2022-02-04 16:07:24.918  INFO 5332 --- [    Test worker] o.s.b.t.m.w.SpringBootMockServletContext : Initializing Spring TestDispatcherServlet ''
2022-02-04 16:07:24.918  INFO 5332 --- [    Test worker] o.s.t.web.servlet.TestDispatcherServlet  : Initializing Servlet ''
2022-02-04 16:07:24.928  INFO 5332 --- [    Test worker] o.s.t.web.servlet.TestDispatcherServlet  : Completed initialization in 10 ms
2022-02-04 16:07:24.964  INFO 5332 --- [    Test worker] c.a.s.web.HelloControllerTest            : Started HelloControllerTest in 1.98 seconds (JVM running for 2.968)
]]></system-out>
  <system-err><![CDATA[]]></system-err>
</testsuite>
